{ Using PSTWRITER 16.6.0 d001Sep-18-2014 at 08:53:00 }

#1 WARNING(ORCAP-36038): "No_connect" property on Pin "U61.25" ignored for U61: SCHEMATIC1, PAGE-30  MODULATION (210.82, 132.08). Connecting pin to net "I2C1_SCL".
#2 WARNING(ORCAP-36038): "No_connect" property on Pin "U61.39" ignored for U61: SCHEMATIC1, PAGE-30  MODULATION (210.82, 132.08). Connecting pin to net "LEDR_MOD".
#3 WARNING(ORCAP-36038): "No_connect" property on Pin "U61.40" ignored for U61: SCHEMATIC1, PAGE-30  MODULATION (210.82, 132.08). Connecting pin to net "LEDG_MOD".
#4 WARNING(ORCAP-36038): "No_connect" property on Pin "U61.26" ignored for U61: SCHEMATIC1, PAGE-30  MODULATION (210.82, 132.08). Connecting pin to net "I2C1_SDA".
#5 WARNING(ORCAP-36038): "No_connect" property on Pin "U61.41" ignored for U61: SCHEMATIC1, PAGE-30  MODULATION (210.82, 132.08). Connecting pin to net "LEDB_MOD".
#6 WARNING(ORCAP-36006): Part Name "CAP POL_CAP-FK-V-CASEE_PAN_100 UF" is renamed to "CAP POL_CAP-FK-V-CASEE_PAN_100".
#7 WARNING(ORCAP-36006): Part Name "DIODE ZENER_SC-90_SOD-323F_MAZ80330HL" is renamed to "DIODE ZENER_SC-90_SOD-323F_MAZ8".
#8 WARNING(ORCAP-36006): Part Name "DIODE ZENER_DO-219AB_SMF15A-GS08" is renamed to "DIODE ZENER_DO-219AB_SMF15A-GS0".
#9 WARNING(ORCAP-36006): Part Name "DUAL_COLOR_LED_4-SMD_GULL_WING_LNJ107W5PRW" is renamed to "DUAL_COLOR_LED_4-SMD_GULL_WING_".
#10 WARNING(ORCAP-36006): Part Name "DIODE_SCHOTTKY_DSIZE_SOD_123_STPS0560Z" is renamed to "DIODE_SCHOTTKY_DSIZE_SOD_123_ST".
#11 WARNING(ORCAP-36006): Part Name "DIODE_SCHOTTKY_DO-214AB_SMC_B520C-13-F" is renamed to "DIODE_SCHOTTKY_DO-214AB_SMC_B52".
#12 WARNING(ORCAP-36006): Part Name "INDUCTOR_FLTR_0603_MI0603J680R-10" is renamed to "INDUCTOR_FLTR_0603_MI0603J680R-".
#13 WARNING(ORCAP-36006): Part Name "FERRITE_FLTR_0805_HI0805R800R-10" is renamed to "FERRITE_FLTR_0805_HI0805R800R-1".
#14 WARNING(ORCAP-36006): Part Name "HEADER_1X1_951102-8622-AR_951102-8622-AR" is renamed to "HEADER_1X1_951102-8622-AR_95110".
#15 WARNING(ORCAP-36006): Part Name "CON4_0_CONN_5_USB_MINI_B_1734035-2" is renamed to "CON4_0_CONN_5_USB_MINI_B_173403".
#16 WARNING(ORCAP-36006): Part Name "CON_PWRJACK3_RAPC712_CONN_PWRJACK_RAPC712X" is renamed to "CON_PWRJACK3_RAPC712_CONN_PWRJA".
#17 WARNING(ORCAP-36006): Part Name "CONN SOCKET AXT580124_AXT580124_AXT580124" is renamed to "CONN SOCKET AXT580124_AXT580124".
#18 WARNING(ORCAP-36006): Part Name "HDR_1X9_M_HDR_1X9_MOLEX_87438-0943" is renamed to "HDR_1X9_M_HDR_1X9_MOLEX_87438-0".
#19 WARNING(ORCAP-36006): Part Name "HDR_1X6_M_HDR_1X6_MOLEX_87438-0643" is renamed to "HDR_1X6_M_HDR_1X6_MOLEX_87438-0".
#20 WARNING(ORCAP-36006): Part Name "CON4_0_CONN_5_USB_MINI_B_USBFORAT90" is renamed to "CON4_0_CONN_5_USB_MINI_B_USBFOR".
#21 WARNING(ORCAP-36006): Part Name "CSD16301Q2_U_6_SON_N-NEXTFET POWER MOSFET" is renamed to "CSD16301Q2_U_6_SON_N-NEXTFET PO".
#22 WARNING(ORCAP-36006): Part Name "RESISTOR_V_TOL_3_RES_0603_NC_9.09K" is renamed to "RESISTOR_V_TOL_3_RES_0603_NC_9.".
#23 WARNING(ORCAP-36006): Part Name "RESISTOR_V_TOL_3_RES_0603_NC_ 1K" is renamed to "RESISTOR_V_TOL_3_RES_0603_NC_ 1".
#24 WARNING(ORCAP-36006): Part Name "M29DW128GL70N_TSOP-56_M29DW128GL70N" is renamed to "M29DW128GL70N_TSOP-56_M29DW128G".
#25 WARNING(ORCAP-36042): Pin "VSS" is renamed to "VSS#52" as visible power pin of same name already exists in Package M29DW128GL70N , U19: SCHEMATIC1, PAGE-14  FLASH MEMORY INTERFACE (198.12, 86.36).
#26 WARNING(ORCAP-36042): Pin "VSS" is renamed to "VSS#33" as visible power pin of same name already exists in Package M29DW128GL70N , U19: SCHEMATIC1, PAGE-14  FLASH MEMORY INTERFACE (198.12, 86.36).
#27 WARNING(ORCAP-36006): Part Name "74LVC1G125_SOT23-DBV_TI_SN74LVC1G125DBVR" is renamed to "74LVC1G125_SOT23-DBV_TI_SN74LVC".
#28 WARNING(ORCAP-36006): Part Name "TPS3838_SOT23-DBV_TI_TPS3838K33DBVT" is renamed to "TPS3838_SOT23-DBV_TI_TPS3838K33".
#29 WARNING(ORCAP-36006): Part Name "74LVC1G07_0_SOT23-DBV_TI_SN74LVC1G07DBVR" is renamed to "74LVC1G07_0_SOT23-DBV_TI_SN74LV".
#30 WARNING(ORCAP-36006): Part Name "SN74AHC1G09_TI_DVB_SN74AHC1G09DVB" is renamed to "SN74AHC1G09_TI_DVB_SN74AHC1G09D".
#31 WARNING(ORCAP-36006): Part Name "TPS65145_1_SOIC24-PWP_TI_TPS65145PWP" is renamed to "TPS65145_1_SOIC24-PWP_TI_TPS651".
#32 WARNING(ORCAP-36042): Pin "GND" is renamed to "GND#11" as visible power pin of same name already exists in Package TPS65145_1 , U38: SCHEMATIC1, PAGE-23  DMD POWER SUPPLIES (147.32, 35.56).
#33 WARNING(ORCAP-36042): Pin "GND" is renamed to "GND#19" as visible power pin of same name already exists in Package TPS65145_1 , U38: SCHEMATIC1, PAGE-23  DMD POWER SUPPLIES (147.32, 35.56).
#34 WARNING(ORCAP-36042): Pin "PGND" is renamed to "PGND#7" as visible power pin of same name already exists in Package TPS65145_1 , U38: SCHEMATIC1, PAGE-23  DMD POWER SUPPLIES (147.32, 35.56).
#35 WARNING(ORCAP-36042): Pin "PGND" is renamed to "PGND#8" as visible power pin of same name already exists in Package TPS65145_1 , U38: SCHEMATIC1, PAGE-23  DMD POWER SUPPLIES (147.32, 35.56).
#36 WARNING(ORCAP-36042): Pin "PH" is renamed to "PH#12" as visible power pin of same name already exists in Package TPS54620RGY , U45: SCHEMATIC1, PAGE-26  LED DRIVER - RED (144.78, 127.00).
#37 WARNING(ORCAP-36042): Pin "PH" is renamed to "PH#11" as visible power pin of same name already exists in Package TPS54620RGY , U45: SCHEMATIC1, PAGE-26  LED DRIVER - RED (144.78, 127.00).
#38 WARNING(ORCAP-36042): Pin "PVIN" is renamed to "PVIN#4" as visible power pin of same name already exists in Package TPS54620RGY , U45: SCHEMATIC1, PAGE-26  LED DRIVER - RED (144.78, 127.00).
#39 WARNING(ORCAP-36042): Pin "PVIN" is renamed to "PVIN#5" as visible power pin of same name already exists in Package TPS54620RGY , U45: SCHEMATIC1, PAGE-26  LED DRIVER - RED (144.78, 127.00).
#40 WARNING(ORCAP-36042): Pin "GND" is renamed to "GND#2" as visible power pin of same name already exists in Package TPS54620RGY , U45: SCHEMATIC1, PAGE-26  LED DRIVER - RED (144.78, 127.00).
#41 WARNING(ORCAP-36042): Pin "GND" is renamed to "GND#3" as visible power pin of same name already exists in Package TPS54620RGY , U45: SCHEMATIC1, PAGE-26  LED DRIVER - RED (144.78, 127.00).
#42 WARNING(ORCAP-36006): Part Name "SN74LVC1G17DBV_TI_DBV_SN74LVC1G17DBV" is renamed to "SN74LVC1G17DBV_TI_DBV_SN74LVC1G".
INFO(ORCAP-36080): Scanning netlist files ...

Loading... D:\DROPBOX\DESIGN\ALLEGROPROJECT\DESIGNONGIT\MODIFICATIONFORLC4500\STANDARD\allegro/pstchip.dat

Loading... D:\DROPBOX\DESIGN\ALLEGROPROJECT\DESIGNONGIT\MODIFICATIONFORLC4500\STANDARD\allegro/pstchip.dat

Loading... D:\DROPBOX\DESIGN\ALLEGROPROJECT\DESIGNONGIT\MODIFICATIONFORLC4500\STANDARD\allegro/pstxprt.dat

Loading... D:\DROPBOX\DESIGN\ALLEGROPROJECT\DESIGNONGIT\MODIFICATIONFORLC4500\STANDARD\allegro/pstxnet.dat
packaging the design view...