(---------------------------------------------------------------------)
(                                                                     )
(    Allegro Netrev Import Logic                                      )
(                                                                     )
(    Drawing          : STANDARD.brd                                  )
(    Software Version : 16.6P004                                      )
(    Date/Time        : Sun Sep 28 13:18:28 2014                      )
(                                                                     )
(---------------------------------------------------------------------)


------ Directives ------

RIPUP_ETCH FALSE;
RIPUP_DELETE_FIRST_SEGMENT FALSE;
RIPUP_RETAIN_BONDWIRE FALSE;
RIPUP_SYMBOLS ALWAYS;
Missing symbol has error FALSE;
SCHEMATIC_DIRECTORY 'D:\DROPBOX\DESIGN\ALLEGROPROJECT\DESIGNONGIT\MODIFICATIONFORLC4500\STANDARD\allegro';
BOARD_DIRECTORY 'D:/Dropbox/Design/allegroProject/designOnGIt/modificationForLC4500/standard/allegro';
OLD_BOARD_NAME 'D:/Dropbox/Design/allegroProject/designOnGIt/modificationForLC4500/standard/allegro/STANDARD.brd';
NEW_BOARD_NAME 'D:/Dropbox/Design/allegroProject/designOnGIt/modificationForLC4500/standard/allegro/STANDARD.brd';

CmdLine: netrev.exe -y 1 -i D:\DROPBOX\DESIGN\ALLEGROPROJECT\DESIGNONGIT\MODIFICATIONFORLC4500\STANDARD\allegro D:\Dropbox\Design\allegroProject\designOnGIt\modificationForLC4500\standard\allegro\STANDARD.brd D:\Dropbox\Design\allegroProject\designOnGIt\modificationForLC4500\standard\allegro\STANDARD.brd

------ Preparing to read pst files ------

Starting to read D:/DROPBOX/DESIGN/ALLEGROPROJECT/DESIGNONGIT/MODIFICATIONFORLC4500/STANDARD/allegro/pstchip.dat 
   Finished reading D:/DROPBOX/DESIGN/ALLEGROPROJECT/DESIGNONGIT/MODIFICATIONFORLC4500/STANDARD/allegro/pstchip.dat (00:00:00.08)
Starting to read D:/DROPBOX/DESIGN/ALLEGROPROJECT/DESIGNONGIT/MODIFICATIONFORLC4500/STANDARD/allegro/pstxprt.dat 
   Finished reading D:/DROPBOX/DESIGN/ALLEGROPROJECT/DESIGNONGIT/MODIFICATIONFORLC4500/STANDARD/allegro/pstxprt.dat (00:00:00.03)
Starting to read D:/DROPBOX/DESIGN/ALLEGROPROJECT/DESIGNONGIT/MODIFICATIONFORLC4500/STANDARD/allegro/pstxnet.dat 
   Finished reading D:/DROPBOX/DESIGN/ALLEGROPROJECT/DESIGNONGIT/MODIFICATIONFORLC4500/STANDARD/allegro/pstxnet.dat (00:00:00.03)

------ Oversights/Warnings/Errors ------


#1   WARNING(SPMHNI-316): Property warning detected.

WARNING(SPMHNI-217): Problems with net 'DMD_D11'. Error with net property 'PROPAGATION_DELAY' and value 'R651.1:J500.M37:947 MIL:1090 mil': 'The referenced pin does not exist.'.

#2   WARNING(SPMHNI-316): Property warning detected.

WARNING(SPMHNI-217): Problems with net 'DMD_D22'. Error with net property 'PROPAGATION_DELAY' and value 'R647.1:J500.P29:905 MIL:922 mil': 'The referenced pin does not exist.'.

#3   WARNING(SPMHNI-316): Property warning detected.

WARNING(SPMHNI-217): Problems with net 'DMD_D00'. Error with net property 'PROPAGATION_DELAY' and value 'R637.1:J500.M28:1161 mil:1166 mil': 'The referenced pin does not exist.'.

#4   WARNING(SPMHNI-316): Property warning detected.

WARNING(SPMHNI-217): Problems with net 'DMD_D12'. Error with net property 'PROPAGATION_DELAY' and value 'R631.1:J500.M19:837 mil:841 mil': 'The referenced pin does not exist.'.

#5   WARNING(SPMHNI-316): Property warning detected.

WARNING(SPMHNI-217): Problems with net 'DMD_D17'. Error with net property 'PROPAGATION_DELAY' and value 'R634.1:J500.P23:917 mil:922 mil': 'The referenced pin does not exist.'.

#6   WARNING(SPMHNI-316): Property warning detected.

WARNING(SPMHNI-217): Problems with net 'DMD_D05'. Error with net property 'PROPAGATION_DELAY' and value 'J500.M30:R652.1:932 MIL:957 mil': 'The referenced pin does not exist.'.

#7   WARNING(SPMHNI-316): Property warning detected.

WARNING(SPMHNI-217): Problems with net 'DMD_D23'. Error with net property 'PROPAGATION_DELAY' and value 'R627.1:J500.P20:805 mil:810 mil': 'The referenced pin does not exist.'.

#8   WARNING(SPMHNI-316): Property warning detected.

WARNING(SPMHNI-217): Problems with net 'DMD_D01'. Error with net property 'PROPAGATION_DELAY' and value 'R635.1:J500.M27:900 MIL:965 mil': 'The referenced pin does not exist.'.

#9   WARNING(SPMHNI-316): Property warning detected.

WARNING(SPMHNI-217): Problems with net 'DMD_D07'. Error with net property 'PROPAGATION_DELAY' and value 'R649.1:J500.M34:902 MIL:937 mil': 'The referenced pin does not exist.'.

#10  WARNING(SPMHNI-316): Property warning detected.

WARNING(SPMHNI-217): Problems with net 'D_D10'. Error with net property 'PROPAGATION_DELAY' and value 'U21.E7:R638.2:403 mil:408 mil': 'The referenced pin does not exist.'.

#11  WARNING(SPMHNI-316): Property warning detected.

WARNING(SPMHNI-217): Problems with net 'TRACEPKT2'. Error with net property 'PROPAGATION_DELAY' and value 'RN501.11:J21.26:2770 mil:2780 mil': 'The referenced pin does not exist.'.

#12  WARNING(SPMHNI-316): Property warning detected.

WARNING(SPMHNI-217): Problems with net 'DMD_D08'. Error with net property 'PROPAGATION_DELAY' and value 'R632.1:J500.M22:945 mil:950 mil': 'The referenced pin does not exist.'.

#13  WARNING(SPMHNI-316): Property warning detected.

WARNING(SPMHNI-217): Problems with net 'TRACEPKT0'. Error with net property 'PROPAGATION_DELAY' and value 'RN501.9:J21.30:2770 mil:2780 mil': 'The referenced pin does not exist.'.

#14  WARNING(SPMHNI-316): Property warning detected.

WARNING(SPMHNI-217): Problems with net 'DMD_SAC_BUS'. Error with net property 'PROPAGATION_DELAY' and value 'J500.M16:R633.1:1 MIL:1773 mil': 'The referenced pin does not exist.'.

#15  WARNING(SPMHNI-316): Property warning detected.

WARNING(SPMHNI-217): Problems with net 'TRACEPKT1'. Error with net property 'PROPAGATION_DELAY' and value 'RN501.10:J21.28:2770 mil:2780 mil': 'The referenced pin does not exist.'.

#16  WARNING(SPMHNI-316): Property warning detected.

WARNING(SPMHNI-217): Problems with net 'TRACEPKT7'. Error with net property 'PROPAGATION_DELAY' and value 'RN501.16:J21.16:2770 mil:2780 mil': 'The referenced pin does not exist.'.

#17  WARNING(SPMHNI-316): Property warning detected.

WARNING(SPMHNI-217): Problems with net 'TRACEPKT3'. Error with net property 'PROPAGATION_DELAY' and value 'RN501.12:J21.24:2770 mil:2780 mil': 'The referenced pin does not exist.'.

#18  WARNING(SPMHNI-316): Property warning detected.

WARNING(SPMHNI-217): Problems with net 'DMD_D10'. Error with net property 'PROPAGATION_DELAY' and value 'R638.1:J500.M21:745 mil:750 mil': 'The referenced pin does not exist.'.

#19  WARNING(SPMHNI-316): Property warning detected.

WARNING(SPMHNI-217): Problems with net 'TRACEPKT6'. Error with net property 'PROPAGATION_DELAY' and value 'RN501.15:J21.18:2770 mil:2780 mil': 'The referenced pin does not exist.'.

#20  WARNING(SPMHNI-316): Property warning detected.

WARNING(SPMHNI-217): Problems with net 'DMD_D18'. Error with net property 'PROPAGATION_DELAY' and value 'R646.1:J500.P33:1010 MIL:1180 mil': 'The referenced pin does not exist.'.

#21  WARNING(SPMHNI-316): Property warning detected.

WARNING(SPMHNI-217): Problems with net 'DMD_D15'. Error with net property 'PROPAGATION_DELAY' and value 'R656.1:J500.P36:882 mil:987 mil': 'The referenced pin does not exist.'.

#22  WARNING(SPMHNI-316): Property warning detected.

WARNING(SPMHNI-217): Problems with net 'DMD_TRC'. Error with net property 'PROPAGATION_DELAY' and value 'J500.P21:R645.1:1 MIL:675 mil': 'The referenced pin does not exist.'.

#23  WARNING(SPMHNI-316): Property warning detected.

WARNING(SPMHNI-217): Problems with net 'DMD_D09'. Error with net property 'PROPAGATION_DELAY' and value 'R648.1:J500.M36:995 MIL:1160 mil': 'The referenced pin does not exist.'.

#24  WARNING(SPMHNI-316): Property warning detected.

WARNING(SPMHNI-217): Problems with net 'DMD_SCTRL'. Error with net property 'PROPAGATION_DELAY' and value 'J500.P24:R643.1:1 MIL:843 mil': 'The referenced pin does not exist.'.

#25  WARNING(SPMHNI-316): Property warning detected.

WARNING(SPMHNI-217): Problems with net 'D_D02'. Error with net property 'PROPAGATION_DELAY' and value 'U21.C8:R639.2:645 mil:650 mil': 'The referenced pin does not exist.'.

#26  WARNING(SPMHNI-316): Property warning detected.

WARNING(SPMHNI-217): Problems with net 'DMD_LOADB'. Error with net property 'PROPAGATION_DELAY' and value 'J500.P26:R644.1:1 MIL:835 mil': 'The referenced pin does not exist.'.

#27  WARNING(SPMHNI-316): Property warning detected.

WARNING(SPMHNI-217): Problems with net 'DMD_D13'. Error with net property 'PROPAGATION_DELAY' and value 'R654.1:J500.P39:890 MIL:1100 mil': 'The referenced pin does not exist.'.

#28  WARNING(SPMHNI-316): Property warning detected.

WARNING(SPMHNI-217): Problems with net 'DMD_DCLK'. Error with net property 'PROPAGATION_DELAY' and value 'R641.1:J500.P27:1020 mil:1025 mil': 'The referenced pin does not exist.'.

#29  WARNING(SPMHNI-316): Property warning detected.

WARNING(SPMHNI-217): Problems with net 'DMD_D04'. Error with net property 'PROPAGATION_DELAY' and value 'R650.1:J500.M31:995 MIL:1180 mil': 'The referenced pin does not exist.'.

#30  WARNING(SPMHNI-316): Property warning detected.

WARNING(SPMHNI-217): Problems with net 'DMD_D20'. Error with net property 'PROPAGATION_DELAY' and value 'R629.1:J500.P18:797 mil:801 mil': 'The referenced pin does not exist.'.

#31  WARNING(SPMHNI-316): Property warning detected.

WARNING(SPMHNI-217): Problems with net 'DMD_D19'. Error with net property 'PROPAGATION_DELAY' and value 'R636.1:J500.P32:992 MIL:1052 mil': 'The referenced pin does not exist.'.

#32  WARNING(SPMHNI-316): Property warning detected.

WARNING(SPMHNI-217): Problems with net 'DMD_D21'. Error with net property 'PROPAGATION_DELAY' and value 'R642.1:J500.P30:990 MIL:1106 mil': 'The referenced pin does not exist.'.

#33  WARNING(SPMHNI-316): Property warning detected.

WARNING(SPMHNI-217): Problems with net 'DMD_SAC_CLK'. Error with net property 'PROPAGATION_DELAY' and value 'J500.M10:R630.1:1 MIL:1712 mil': 'The referenced pin does not exist.'.

#34  WARNING(SPMHNI-316): Property warning detected.

WARNING(SPMHNI-217): Problems with net 'DMD_D16'. Error with net property 'PROPAGATION_DELAY' and value 'R657.1:J500.P35:875 MIL:971 mil': 'The referenced pin does not exist.'.

#35  WARNING(SPMHNI-316): Property warning detected.

WARNING(SPMHNI-217): Problems with net 'DMD_D02'. Error with net property 'PROPAGATION_DELAY' and value 'R639.1:J500.M25:565 mil:570 mil': 'The referenced pin does not exist.'.

#36  WARNING(SPMHNI-316): Property warning detected.

WARNING(SPMHNI-217): Problems with net 'DMD_D14'. Error with net property 'PROPAGATION_DELAY' and value 'R655.1:J500.P38:875 MIL:970 mil': 'The referenced pin does not exist.'.

#37  WARNING(SPMHNI-316): Property warning detected.

WARNING(SPMHNI-217): Problems with net 'DMD_D06'. Error with net property 'PROPAGATION_DELAY' and value 'R653.1:J500.M33:917 MIL:1193 mil': 'The referenced pin does not exist.'.

#38  WARNING(SPMHNI-316): Property warning detected.

WARNING(SPMHNI-217): Problems with net 'DMD_D03'. Error with net property 'PROPAGATION_DELAY' and value 'R640.1:J500.M24:1035 mil:1040 mil': 'The referenced pin does not exist.'.

------ Library Paths ------
MODULEPATH =  . 
           C:/Cadence/SPB_16.6/share/local/pcb/modules 

PSMPATH =  . 
           symbols 
           .. 
           ../symbols 
           C:/Cadence/SPB_16.6/share/local/pcb/symbols 
           C:/Cadence/SPB_16.6/share/pcb/pcb_lib/symbols 
           C:/Cadence/SPB_16.6/share/pcb/allegrolib/symbols 
           D:/Dropbox/Design/allegroProject/MsLib/ 

PADPATH =  . 
           symbols 
           .. 
           ../symbols 
           C:/Cadence/SPB_16.6/share/local/pcb/padstacks 
           C:/Cadence/SPB_16.6/share/pcb/pcb_lib/symbols 
           C:/Cadence/SPB_16.6/share/pcb/allegrolib/symbols 
           D:/Dropbox/Design/allegroProject/MsLib/ 


------ Summary Statistics ------


netrev run on Sep 28 13:18:28 2014
   DESIGN NAME : 'STANDARD'
   PACKAGING ON Sep 10 2012 04:46:09

   COMPILE 'logic'
   CHECK_PIN_NAMES OFF
   CROSS_REFERENCE OFF
   FEEDBACK OFF
   INCREMENTAL OFF
   INTERFACE_TYPE PHYSICAL
   MAX_ERRORS 500
   MERGE_MINIMUM 5
   NET_NAME_CHARS '#%&()*+-./:=>?@[]^_`|'
   NET_NAME_LENGTH 24
   OVERSIGHTS ON
   REPLACE_CHECK OFF
   SINGLE_NODE_NETS ON
   SPLIT_MINIMUM 0
   SUPPRESS   20
   WARNINGS ON

 No error detected
 No oversight detected
 38 warnings detected

cpu time      0:02:40
elapsed time  0:00:01

